Copyright 1986-2018 Xilinx, Inc. All Rights Reserved.
-------------------------------------------------------------------------------------------------------------
| Tool Version : Vivado v.2018.3 (win64) Build 2405991 Thu Dec  6 23:38:27 MST 2018
| Date         : Mon Feb 11 18:23:45 2019
| Host         : DESKTOP-JALEM6D running 64-bit major release  (build 9200)
| Command      : report_control_sets -verbose -file spectrum_feb10_xadc_hdmi_wrapper_control_sets_placed.rpt
| Design       : spectrum_feb10_xadc_hdmi_wrapper
| Device       : xc7z010
-------------------------------------------------------------------------------------------------------------

Control Set Information

Table of Contents
-----------------
1. Summary
2. Histogram
3. Flip-Flop Distribution
4. Detailed Control Set Information

1. Summary
----------

+----------------------------------------------------------+-------+
|                          Status                          | Count |
+----------------------------------------------------------+-------+
| Number of unique control sets                            |   128 |
| Unused register locations in slices containing registers |   156 |
+----------------------------------------------------------+-------+


2. Histogram
------------

+--------+--------------+
| Fanout | Control Sets |
+--------+--------------+
|      1 |            1 |
|      2 |            2 |
|      4 |            7 |
|      5 |            3 |
|      6 |            2 |
|      7 |            2 |
|      8 |           65 |
|     10 |            3 |
|     11 |            1 |
|     12 |           17 |
|     13 |            1 |
|     14 |            2 |
|    16+ |           22 |
+--------+--------------+


3. Flip-Flop Distribution
-------------------------

+--------------+-----------------------+------------------------+-----------------+--------------+
| Clock Enable | Synchronous Set/Reset | Asynchronous Set/Reset | Total Registers | Total Slices |
+--------------+-----------------------+------------------------+-----------------+--------------+
| No           | No                    | No                     |             265 |           94 |
| No           | No                    | Yes                    |              18 |            8 |
| No           | Yes                   | No                     |             245 |           79 |
| Yes          | No                    | No                     |             443 |          115 |
| Yes          | No                    | Yes                    |               7 |            3 |
| Yes          | Yes                   | No                     |             682 |          228 |
+--------------+-----------------------+------------------------+-----------------+--------------+


4. Detailed Control Set Information
-----------------------------------

+-----------------------------------------------------------------+--------------------------------------------------------------------------------------------------------------------------------------------------------------------------------+-----------------------------------------------------------------------------------------------------------------------------------------------------------------------+------------------+----------------+
|                           Clock Signal                          |                                                                                  Enable Signal                                                                                 |                                                                            Set/Reset Signal                                                                           | Slice Load Count | Bel Load Count |
+-----------------------------------------------------------------+--------------------------------------------------------------------------------------------------------------------------------------------------------------------------------+-----------------------------------------------------------------------------------------------------------------------------------------------------------------------+------------------+----------------+
|  spectrum_feb10_xadc_hdmi_i/processing_system7_0/inst/FCLK_CLK0 | spectrum_feb10_xadc_hdmi_i/ps7_0_axi_periph/s00_couplers/auto_pc/inst/gen_axilite.gen_b2s_conv.axilite_b2s/WR.aw_channel_0/aw_cmd_fsm_0/m_axi_awready_1                        | spectrum_feb10_xadc_hdmi_i/ps7_0_axi_periph/s00_couplers/auto_pc/inst/gen_axilite.gen_b2s_conv.axilite_b2s/WR.aw_channel_0/aw_cmd_fsm_0/m_axi_awready_0               |                1 |              1 |
|  spectrum_feb10_xadc_hdmi_i/clk_wiz_0/inst/clk_out1             |                                                                                                                                                                                | spectrum_feb10_xadc_hdmi_i/rgb2dvi_0/U0/ClockGenInternal.ClockGenX/in0                                                                                                |                1 |              2 |
|  spectrum_feb10_xadc_hdmi_i/processing_system7_0/inst/FCLK_CLK0 | spectrum_feb10_xadc_hdmi_i/ps7_0_axi_periph/s00_couplers/auto_pc/inst/gen_axilite.gen_b2s_conv.axilite_b2s/WR.b_channel_0/bid_fifo_0/sel                                       |                                                                                                                                                                       |                1 |              2 |
|  spectrum_feb10_xadc_hdmi_i/processing_system7_0/inst/FCLK_CLK0 |                                                                                                                                                                                | spectrum_feb10_xadc_hdmi_i/ps7_0_axi_periph/s00_couplers/auto_pc/inst/gen_axilite.gen_b2s_conv.axilite_b2s/SI_REG/aw.aw_pipe/aresetn_d_reg[0]_0                       |                3 |              4 |
|  spectrum_feb10_xadc_hdmi_i/processing_system7_0/inst/FCLK_CLK0 |                                                                                                                                                                                | spectrum_feb10_xadc_hdmi_i/ps7_0_axi_periph/s00_couplers/auto_pc/inst/gen_axilite.gen_b2s_conv.axilite_b2s/SI_REG/ar.ar_pipe/aresetn_d_reg[1]_inv_0                   |                3 |              4 |
|  spectrum_feb10_xadc_hdmi_i/clk_wiz_0/inst/clk_out1             |                                                                                                                                                                                | spectrum_feb10_xadc_hdmi_i/rgb2dvi_0/U0/ClockGenInternal.ClockGenX/LockLostReset/SyncAsyncx/oSyncStages[1]                                                            |                1 |              4 |
|  spectrum_feb10_xadc_hdmi_i/processing_system7_0/inst/FCLK_CLK0 | spectrum_feb10_xadc_hdmi_i/hdmi_full_gen_1_0/inst/hdmi_full_gen_1_v1_0_S00_AXI_inst/axi_awready0                                                                               | spectrum_feb10_xadc_hdmi_i/hdmi_full_gen_1_0/inst/axi_awready_i_1_n_0                                                                                                 |                1 |              4 |
|  spectrum_feb10_xadc_hdmi_i/processing_system7_0/inst/FCLK_CLK0 | spectrum_feb10_xadc_hdmi_i/hdmi_full_gen_1_0/inst/hdmi_full_gen_1_v1_0_S00_AXI_inst/axi_arready0                                                                               | spectrum_feb10_xadc_hdmi_i/hdmi_full_gen_1_0/inst/axi_awready_i_1_n_0                                                                                                 |                1 |              4 |
|  spectrum_feb10_xadc_hdmi_i/processing_system7_0/inst/FCLK_CLK0 |                                                                                                                                                                                | spectrum_feb10_xadc_hdmi_i/rst_ps7_0_50M/U0/EXT_LPF/lpf_int                                                                                                           |                1 |              4 |
|  spectrum_feb10_xadc_hdmi_i/processing_system7_0/inst/FCLK_CLK0 | spectrum_feb10_xadc_hdmi_i/xadc_wiz_0/inst/AXI_XADC_CORE_I/D[6]                                                                                                                | spectrum_feb10_xadc_hdmi_i/xadc_wiz_0/inst/AXI_LITE_IPIF_I/I_SLAVE_ATTACHMENT/reset2ip_reset                                                                          |                1 |              4 |
|  spectrum_feb10_xadc_hdmi_i/processing_system7_0/inst/FCLK_CLK0 | spectrum_feb10_xadc_hdmi_i/ps7_0_axi_periph/s00_couplers/auto_pc/inst/gen_axilite.gen_b2s_conv.axilite_b2s/RD.r_channel_0/rd_data_fifo_0/E[0]                                  | spectrum_feb10_xadc_hdmi_i/ps7_0_axi_periph/s00_couplers/auto_pc/inst/gen_axilite.gen_b2s_conv.axilite_b2s/areset_d1                                                  |                2 |              5 |
|  spectrum_feb10_xadc_hdmi_i/processing_system7_0/inst/FCLK_CLK0 | spectrum_feb10_xadc_hdmi_i/ps7_0_axi_periph/s00_couplers/auto_pc/inst/gen_axilite.gen_b2s_conv.axilite_b2s/RD.r_channel_0/rd_data_fifo_0/cnt_read[4]_i_1_n_0                   | spectrum_feb10_xadc_hdmi_i/ps7_0_axi_periph/s00_couplers/auto_pc/inst/gen_axilite.gen_b2s_conv.axilite_b2s/areset_d1                                                  |                1 |              5 |
|  spectrum_feb10_xadc_hdmi_i/processing_system7_0/inst/FCLK_CLK0 | spectrum_feb10_xadc_hdmi_i/ps7_0_axi_periph/s00_couplers/auto_pc/inst/gen_axilite.gen_b2s_conv.axilite_b2s/RD.ar_channel_0/ar_cmd_fsm_0/m_valid_i_reg                          | spectrum_feb10_xadc_hdmi_i/ps7_0_axi_periph/s00_couplers/auto_pc/inst/gen_axilite.gen_b2s_conv.axilite_b2s/RD.ar_channel_0/ar_cmd_fsm_0/FSM_sequential_state_reg[0]_0 |                3 |              5 |
|  spectrum_feb10_xadc_hdmi_i/processing_system7_0/inst/FCLK_CLK0 | spectrum_feb10_xadc_hdmi_i/rst_ps7_0_50M/U0/SEQ/seq_cnt_en                                                                                                                     | spectrum_feb10_xadc_hdmi_i/rst_ps7_0_50M/U0/SEQ/SEQ_COUNTER/clear                                                                                                     |                1 |              6 |
|  spectrum_feb10_xadc_hdmi_i/processing_system7_0/inst/FCLK_CLK0 |                                                                                                                                                                                | spectrum_feb10_xadc_hdmi_i/hdmi_full_gen_1_0/inst/axi_awready_i_1_n_0                                                                                                 |                3 |              6 |
|  spectrum_feb10_xadc_hdmi_i/clk_wiz_0/inst/clk_out1             | spectrum_feb10_xadc_hdmi_i/hdmi_full_gen_1_0/inst/hdmi_full_gen_1_v1_0_S00_AXI_inst/CounterY                                                                                   | reset_in_switch_IBUF                                                                                                                                                  |                3 |              7 |
|  spectrum_feb10_xadc_hdmi_i/processing_system7_0/inst/FCLK_CLK0 |                                                                                                                                                                                | spectrum_feb10_xadc_hdmi_i/xadc_wiz_0/inst/AXI_LITE_IPIF_I/I_SLAVE_ATTACHMENT/p_2_out                                                                                 |                2 |              7 |
|  spectrum_feb10_xadc_hdmi_i/processing_system7_0/inst/FCLK_CLK0 | spectrum_feb10_xadc_hdmi_i/hdmi_full_gen_1_0/inst/hdmi_full_gen_1_v1_0_S00_AXI_inst/slv_reg4[23]_i_1_n_0                                                                       | spectrum_feb10_xadc_hdmi_i/hdmi_full_gen_1_0/inst/axi_awready_i_1_n_0                                                                                                 |                2 |              8 |
|  spectrum_feb10_xadc_hdmi_i/processing_system7_0/inst/FCLK_CLK0 | spectrum_feb10_xadc_hdmi_i/hdmi_full_gen_1_0/inst/hdmi_full_gen_1_v1_0_S00_AXI_inst/slv_reg12[15]_i_1_n_0                                                                      | spectrum_feb10_xadc_hdmi_i/hdmi_full_gen_1_0/inst/axi_awready_i_1_n_0                                                                                                 |                1 |              8 |
|  spectrum_feb10_xadc_hdmi_i/processing_system7_0/inst/FCLK_CLK0 | spectrum_feb10_xadc_hdmi_i/hdmi_full_gen_1_0/inst/hdmi_full_gen_1_v1_0_S00_AXI_inst/slv_reg11[15]_i_1_n_0                                                                      | spectrum_feb10_xadc_hdmi_i/hdmi_full_gen_1_0/inst/axi_awready_i_1_n_0                                                                                                 |                2 |              8 |
|  spectrum_feb10_xadc_hdmi_i/processing_system7_0/inst/FCLK_CLK0 | spectrum_feb10_xadc_hdmi_i/hdmi_full_gen_1_0/inst/hdmi_full_gen_1_v1_0_S00_AXI_inst/slv_reg2[15]_i_1_n_0                                                                       | spectrum_feb10_xadc_hdmi_i/hdmi_full_gen_1_0/inst/axi_awready_i_1_n_0                                                                                                 |                4 |              8 |
|  spectrum_feb10_xadc_hdmi_i/processing_system7_0/inst/FCLK_CLK0 | spectrum_feb10_xadc_hdmi_i/hdmi_full_gen_1_0/inst/hdmi_full_gen_1_v1_0_S00_AXI_inst/slv_reg10[15]_i_1_n_0                                                                      | spectrum_feb10_xadc_hdmi_i/hdmi_full_gen_1_0/inst/axi_awready_i_1_n_0                                                                                                 |                2 |              8 |
|  spectrum_feb10_xadc_hdmi_i/processing_system7_0/inst/FCLK_CLK0 | spectrum_feb10_xadc_hdmi_i/hdmi_full_gen_1_0/inst/hdmi_full_gen_1_v1_0_S00_AXI_inst/slv_reg12[23]_i_1_n_0                                                                      | spectrum_feb10_xadc_hdmi_i/hdmi_full_gen_1_0/inst/axi_awready_i_1_n_0                                                                                                 |                2 |              8 |
|  spectrum_feb10_xadc_hdmi_i/processing_system7_0/inst/FCLK_CLK0 | spectrum_feb10_xadc_hdmi_i/hdmi_full_gen_1_0/inst/hdmi_full_gen_1_v1_0_S00_AXI_inst/slv_reg11[31]_i_1_n_0                                                                      | spectrum_feb10_xadc_hdmi_i/hdmi_full_gen_1_0/inst/axi_awready_i_1_n_0                                                                                                 |                1 |              8 |
|  spectrum_feb10_xadc_hdmi_i/processing_system7_0/inst/FCLK_CLK0 | spectrum_feb10_xadc_hdmi_i/hdmi_full_gen_1_0/inst/hdmi_full_gen_1_v1_0_S00_AXI_inst/slv_reg13[15]_i_1_n_0                                                                      | spectrum_feb10_xadc_hdmi_i/hdmi_full_gen_1_0/inst/axi_awready_i_1_n_0                                                                                                 |                1 |              8 |
|  spectrum_feb10_xadc_hdmi_i/processing_system7_0/inst/FCLK_CLK0 | spectrum_feb10_xadc_hdmi_i/hdmi_full_gen_1_0/inst/hdmi_full_gen_1_v1_0_S00_AXI_inst/slv_reg6[7]_i_1_n_0                                                                        | spectrum_feb10_xadc_hdmi_i/hdmi_full_gen_1_0/inst/axi_awready_i_1_n_0                                                                                                 |                2 |              8 |
|  spectrum_feb10_xadc_hdmi_i/processing_system7_0/inst/FCLK_CLK0 | spectrum_feb10_xadc_hdmi_i/hdmi_full_gen_1_0/inst/hdmi_full_gen_1_v1_0_S00_AXI_inst/slv_reg0[15]_i_1_n_0                                                                       | spectrum_feb10_xadc_hdmi_i/hdmi_full_gen_1_0/inst/axi_awready_i_1_n_0                                                                                                 |                2 |              8 |
|  spectrum_feb10_xadc_hdmi_i/processing_system7_0/inst/FCLK_CLK0 | spectrum_feb10_xadc_hdmi_i/hdmi_full_gen_1_0/inst/hdmi_full_gen_1_v1_0_S00_AXI_inst/slv_reg8[7]_i_1_n_0                                                                        | spectrum_feb10_xadc_hdmi_i/hdmi_full_gen_1_0/inst/axi_awready_i_1_n_0                                                                                                 |                3 |              8 |
|  spectrum_feb10_xadc_hdmi_i/processing_system7_0/inst/FCLK_CLK0 | spectrum_feb10_xadc_hdmi_i/hdmi_full_gen_1_0/inst/hdmi_full_gen_1_v1_0_S00_AXI_inst/slv_reg10[7]_i_1_n_0                                                                       | spectrum_feb10_xadc_hdmi_i/hdmi_full_gen_1_0/inst/axi_awready_i_1_n_0                                                                                                 |                3 |              8 |
|  spectrum_feb10_xadc_hdmi_i/processing_system7_0/inst/FCLK_CLK0 | spectrum_feb10_xadc_hdmi_i/hdmi_full_gen_1_0/inst/hdmi_full_gen_1_v1_0_S00_AXI_inst/slv_reg3[31]_i_1_n_0                                                                       | spectrum_feb10_xadc_hdmi_i/hdmi_full_gen_1_0/inst/axi_awready_i_1_n_0                                                                                                 |                4 |              8 |
|  spectrum_feb10_xadc_hdmi_i/processing_system7_0/inst/FCLK_CLK0 | spectrum_feb10_xadc_hdmi_i/hdmi_full_gen_1_0/inst/hdmi_full_gen_1_v1_0_S00_AXI_inst/slv_reg15[15]_i_1_n_0                                                                      | spectrum_feb10_xadc_hdmi_i/hdmi_full_gen_1_0/inst/axi_awready_i_1_n_0                                                                                                 |                4 |              8 |
|  spectrum_feb10_xadc_hdmi_i/processing_system7_0/inst/FCLK_CLK0 | spectrum_feb10_xadc_hdmi_i/ps7_0_axi_periph/s00_couplers/auto_pc/inst/gen_axilite.gen_b2s_conv.axilite_b2s/WR.b_channel_0/mhandshake_r                                         | spectrum_feb10_xadc_hdmi_i/ps7_0_axi_periph/s00_couplers/auto_pc/inst/gen_axilite.gen_b2s_conv.axilite_b2s/WR.b_channel_0/bid_fifo_0/SR[0]                            |                2 |              8 |
|  spectrum_feb10_xadc_hdmi_i/processing_system7_0/inst/FCLK_CLK0 | spectrum_feb10_xadc_hdmi_i/hdmi_full_gen_1_0/inst/hdmi_full_gen_1_v1_0_S00_AXI_inst/slv_reg0[23]_i_1_n_0                                                                       | spectrum_feb10_xadc_hdmi_i/hdmi_full_gen_1_0/inst/axi_awready_i_1_n_0                                                                                                 |                2 |              8 |
|  spectrum_feb10_xadc_hdmi_i/processing_system7_0/inst/FCLK_CLK0 | spectrum_feb10_xadc_hdmi_i/hdmi_full_gen_1_0/inst/hdmi_full_gen_1_v1_0_S00_AXI_inst/slv_reg0[7]_i_1_n_0                                                                        | spectrum_feb10_xadc_hdmi_i/hdmi_full_gen_1_0/inst/axi_awready_i_1_n_0                                                                                                 |                1 |              8 |
|  spectrum_feb10_xadc_hdmi_i/processing_system7_0/inst/FCLK_CLK0 | spectrum_feb10_xadc_hdmi_i/hdmi_full_gen_1_0/inst/hdmi_full_gen_1_v1_0_S00_AXI_inst/slv_reg0[31]_i_1_n_0                                                                       | spectrum_feb10_xadc_hdmi_i/hdmi_full_gen_1_0/inst/axi_awready_i_1_n_0                                                                                                 |                2 |              8 |
|  spectrum_feb10_xadc_hdmi_i/processing_system7_0/inst/FCLK_CLK0 | spectrum_feb10_xadc_hdmi_i/hdmi_full_gen_1_0/inst/hdmi_full_gen_1_v1_0_S00_AXI_inst/slv_reg12[31]_i_1_n_0                                                                      | spectrum_feb10_xadc_hdmi_i/hdmi_full_gen_1_0/inst/axi_awready_i_1_n_0                                                                                                 |                1 |              8 |
|  spectrum_feb10_xadc_hdmi_i/processing_system7_0/inst/FCLK_CLK0 | spectrum_feb10_xadc_hdmi_i/hdmi_full_gen_1_0/inst/hdmi_full_gen_1_v1_0_S00_AXI_inst/slv_reg15[7]_i_1_n_0                                                                       | spectrum_feb10_xadc_hdmi_i/hdmi_full_gen_1_0/inst/axi_awready_i_1_n_0                                                                                                 |                2 |              8 |
|  spectrum_feb10_xadc_hdmi_i/processing_system7_0/inst/FCLK_CLK0 | spectrum_feb10_xadc_hdmi_i/hdmi_full_gen_1_0/inst/hdmi_full_gen_1_v1_0_S00_AXI_inst/slv_reg2[23]_i_1_n_0                                                                       | spectrum_feb10_xadc_hdmi_i/hdmi_full_gen_1_0/inst/axi_awready_i_1_n_0                                                                                                 |                3 |              8 |
|  spectrum_feb10_xadc_hdmi_i/processing_system7_0/inst/FCLK_CLK0 | spectrum_feb10_xadc_hdmi_i/hdmi_full_gen_1_0/inst/hdmi_full_gen_1_v1_0_S00_AXI_inst/slv_reg7[7]_i_1_n_0                                                                        | spectrum_feb10_xadc_hdmi_i/hdmi_full_gen_1_0/inst/axi_awready_i_1_n_0                                                                                                 |                2 |              8 |
|  spectrum_feb10_xadc_hdmi_i/processing_system7_0/inst/FCLK_CLK0 | spectrum_feb10_xadc_hdmi_i/hdmi_full_gen_1_0/inst/hdmi_full_gen_1_v1_0_S00_AXI_inst/slv_reg14[7]_i_1_n_0                                                                       | spectrum_feb10_xadc_hdmi_i/hdmi_full_gen_1_0/inst/axi_awready_i_1_n_0                                                                                                 |                1 |              8 |
|  spectrum_feb10_xadc_hdmi_i/processing_system7_0/inst/FCLK_CLK0 | spectrum_feb10_xadc_hdmi_i/hdmi_full_gen_1_0/inst/hdmi_full_gen_1_v1_0_S00_AXI_inst/slv_reg10[23]_i_1_n_0                                                                      | spectrum_feb10_xadc_hdmi_i/hdmi_full_gen_1_0/inst/axi_awready_i_1_n_0                                                                                                 |                1 |              8 |
|  spectrum_feb10_xadc_hdmi_i/processing_system7_0/inst/FCLK_CLK0 | spectrum_feb10_xadc_hdmi_i/hdmi_full_gen_1_0/inst/hdmi_full_gen_1_v1_0_S00_AXI_inst/slv_reg11[23]_i_1_n_0                                                                      | spectrum_feb10_xadc_hdmi_i/hdmi_full_gen_1_0/inst/axi_awready_i_1_n_0                                                                                                 |                1 |              8 |
|  spectrum_feb10_xadc_hdmi_i/processing_system7_0/inst/FCLK_CLK0 | spectrum_feb10_xadc_hdmi_i/hdmi_full_gen_1_0/inst/hdmi_full_gen_1_v1_0_S00_AXI_inst/slv_reg2[31]_i_1_n_0                                                                       | spectrum_feb10_xadc_hdmi_i/hdmi_full_gen_1_0/inst/axi_awready_i_1_n_0                                                                                                 |                4 |              8 |
|  spectrum_feb10_xadc_hdmi_i/processing_system7_0/inst/FCLK_CLK0 | spectrum_feb10_xadc_hdmi_i/hdmi_full_gen_1_0/inst/hdmi_full_gen_1_v1_0_S00_AXI_inst/slv_reg12[7]_i_1_n_0                                                                       | spectrum_feb10_xadc_hdmi_i/hdmi_full_gen_1_0/inst/axi_awready_i_1_n_0                                                                                                 |                1 |              8 |
|  spectrum_feb10_xadc_hdmi_i/processing_system7_0/inst/FCLK_CLK0 | spectrum_feb10_xadc_hdmi_i/hdmi_full_gen_1_0/inst/hdmi_full_gen_1_v1_0_S00_AXI_inst/slv_reg15[31]_i_1_n_0                                                                      | spectrum_feb10_xadc_hdmi_i/hdmi_full_gen_1_0/inst/axi_awready_i_1_n_0                                                                                                 |                1 |              8 |
|  spectrum_feb10_xadc_hdmi_i/processing_system7_0/inst/FCLK_CLK0 | spectrum_feb10_xadc_hdmi_i/hdmi_full_gen_1_0/inst/hdmi_full_gen_1_v1_0_S00_AXI_inst/slv_reg1[31]_i_1_n_0                                                                       | spectrum_feb10_xadc_hdmi_i/hdmi_full_gen_1_0/inst/axi_awready_i_1_n_0                                                                                                 |                1 |              8 |
|  spectrum_feb10_xadc_hdmi_i/processing_system7_0/inst/FCLK_CLK0 | spectrum_feb10_xadc_hdmi_i/hdmi_full_gen_1_0/inst/hdmi_full_gen_1_v1_0_S00_AXI_inst/slv_reg3[7]_i_1_n_0                                                                        | spectrum_feb10_xadc_hdmi_i/hdmi_full_gen_1_0/inst/axi_awready_i_1_n_0                                                                                                 |                3 |              8 |
|  spectrum_feb10_xadc_hdmi_i/processing_system7_0/inst/FCLK_CLK0 | spectrum_feb10_xadc_hdmi_i/hdmi_full_gen_1_0/inst/hdmi_full_gen_1_v1_0_S00_AXI_inst/slv_reg14[23]_i_1_n_0                                                                      | spectrum_feb10_xadc_hdmi_i/hdmi_full_gen_1_0/inst/axi_awready_i_1_n_0                                                                                                 |                2 |              8 |
|  spectrum_feb10_xadc_hdmi_i/processing_system7_0/inst/FCLK_CLK0 | spectrum_feb10_xadc_hdmi_i/hdmi_full_gen_1_0/inst/hdmi_full_gen_1_v1_0_S00_AXI_inst/slv_reg4[7]_i_1_n_0                                                                        | spectrum_feb10_xadc_hdmi_i/hdmi_full_gen_1_0/inst/axi_awready_i_1_n_0                                                                                                 |                3 |              8 |
|  spectrum_feb10_xadc_hdmi_i/processing_system7_0/inst/FCLK_CLK0 | spectrum_feb10_xadc_hdmi_i/hdmi_full_gen_1_0/inst/hdmi_full_gen_1_v1_0_S00_AXI_inst/slv_reg5[23]_i_1_n_0                                                                       | spectrum_feb10_xadc_hdmi_i/hdmi_full_gen_1_0/inst/axi_awready_i_1_n_0                                                                                                 |                1 |              8 |
|  spectrum_feb10_xadc_hdmi_i/processing_system7_0/inst/FCLK_CLK0 | spectrum_feb10_xadc_hdmi_i/hdmi_full_gen_1_0/inst/hdmi_full_gen_1_v1_0_S00_AXI_inst/slv_reg5[31]_i_1_n_0                                                                       | spectrum_feb10_xadc_hdmi_i/hdmi_full_gen_1_0/inst/axi_awready_i_1_n_0                                                                                                 |                2 |              8 |
|  spectrum_feb10_xadc_hdmi_i/processing_system7_0/inst/FCLK_CLK0 | spectrum_feb10_xadc_hdmi_i/hdmi_full_gen_1_0/inst/hdmi_full_gen_1_v1_0_S00_AXI_inst/slv_reg1[7]_i_1_n_0                                                                        | spectrum_feb10_xadc_hdmi_i/hdmi_full_gen_1_0/inst/axi_awready_i_1_n_0                                                                                                 |                3 |              8 |
|  spectrum_feb10_xadc_hdmi_i/processing_system7_0/inst/FCLK_CLK0 | spectrum_feb10_xadc_hdmi_i/hdmi_full_gen_1_0/inst/hdmi_full_gen_1_v1_0_S00_AXI_inst/slv_reg5[7]_i_1_n_0                                                                        | spectrum_feb10_xadc_hdmi_i/hdmi_full_gen_1_0/inst/axi_awready_i_1_n_0                                                                                                 |                3 |              8 |
|  spectrum_feb10_xadc_hdmi_i/processing_system7_0/inst/FCLK_CLK0 | spectrum_feb10_xadc_hdmi_i/hdmi_full_gen_1_0/inst/hdmi_full_gen_1_v1_0_S00_AXI_inst/slv_reg6[15]_i_1_n_0                                                                       | spectrum_feb10_xadc_hdmi_i/hdmi_full_gen_1_0/inst/axi_awready_i_1_n_0                                                                                                 |                3 |              8 |
|  spectrum_feb10_xadc_hdmi_i/processing_system7_0/inst/FCLK_CLK0 | spectrum_feb10_xadc_hdmi_i/hdmi_full_gen_1_0/inst/hdmi_full_gen_1_v1_0_S00_AXI_inst/slv_reg6[31]_i_1_n_0                                                                       | spectrum_feb10_xadc_hdmi_i/hdmi_full_gen_1_0/inst/axi_awready_i_1_n_0                                                                                                 |                2 |              8 |
|  spectrum_feb10_xadc_hdmi_i/processing_system7_0/inst/FCLK_CLK0 | spectrum_feb10_xadc_hdmi_i/hdmi_full_gen_1_0/inst/hdmi_full_gen_1_v1_0_S00_AXI_inst/slv_reg7[31]_i_1_n_0                                                                       | spectrum_feb10_xadc_hdmi_i/hdmi_full_gen_1_0/inst/axi_awready_i_1_n_0                                                                                                 |                1 |              8 |
|  spectrum_feb10_xadc_hdmi_i/processing_system7_0/inst/FCLK_CLK0 | spectrum_feb10_xadc_hdmi_i/hdmi_full_gen_1_0/inst/hdmi_full_gen_1_v1_0_S00_AXI_inst/slv_reg3[15]_i_1_n_0                                                                       | spectrum_feb10_xadc_hdmi_i/hdmi_full_gen_1_0/inst/axi_awready_i_1_n_0                                                                                                 |                6 |              8 |
|  spectrum_feb10_xadc_hdmi_i/processing_system7_0/inst/FCLK_CLK0 | spectrum_feb10_xadc_hdmi_i/hdmi_full_gen_1_0/inst/hdmi_full_gen_1_v1_0_S00_AXI_inst/slv_reg13[23]_i_1_n_0                                                                      | spectrum_feb10_xadc_hdmi_i/hdmi_full_gen_1_0/inst/axi_awready_i_1_n_0                                                                                                 |                1 |              8 |
|  spectrum_feb10_xadc_hdmi_i/processing_system7_0/inst/FCLK_CLK0 | spectrum_feb10_xadc_hdmi_i/hdmi_full_gen_1_0/inst/hdmi_full_gen_1_v1_0_S00_AXI_inst/slv_reg10[31]_i_1_n_0                                                                      | spectrum_feb10_xadc_hdmi_i/hdmi_full_gen_1_0/inst/axi_awready_i_1_n_0                                                                                                 |                1 |              8 |
|  spectrum_feb10_xadc_hdmi_i/processing_system7_0/inst/FCLK_CLK0 | spectrum_feb10_xadc_hdmi_i/hdmi_full_gen_1_0/inst/hdmi_full_gen_1_v1_0_S00_AXI_inst/slv_reg4[31]_i_1_n_0                                                                       | spectrum_feb10_xadc_hdmi_i/hdmi_full_gen_1_0/inst/axi_awready_i_1_n_0                                                                                                 |                1 |              8 |
|  spectrum_feb10_xadc_hdmi_i/processing_system7_0/inst/FCLK_CLK0 | spectrum_feb10_xadc_hdmi_i/hdmi_full_gen_1_0/inst/hdmi_full_gen_1_v1_0_S00_AXI_inst/slv_reg8[23]_i_1_n_0                                                                       | spectrum_feb10_xadc_hdmi_i/hdmi_full_gen_1_0/inst/axi_awready_i_1_n_0                                                                                                 |                4 |              8 |
|  spectrum_feb10_xadc_hdmi_i/processing_system7_0/inst/FCLK_CLK0 | spectrum_feb10_xadc_hdmi_i/hdmi_full_gen_1_0/inst/hdmi_full_gen_1_v1_0_S00_AXI_inst/slv_reg13[31]_i_1_n_0                                                                      | spectrum_feb10_xadc_hdmi_i/hdmi_full_gen_1_0/inst/axi_awready_i_1_n_0                                                                                                 |                1 |              8 |
|  spectrum_feb10_xadc_hdmi_i/processing_system7_0/inst/FCLK_CLK0 | spectrum_feb10_xadc_hdmi_i/hdmi_full_gen_1_0/inst/hdmi_full_gen_1_v1_0_S00_AXI_inst/slv_reg13[7]_i_1_n_0                                                                       | spectrum_feb10_xadc_hdmi_i/hdmi_full_gen_1_0/inst/axi_awready_i_1_n_0                                                                                                 |                1 |              8 |
|  spectrum_feb10_xadc_hdmi_i/processing_system7_0/inst/FCLK_CLK0 | spectrum_feb10_xadc_hdmi_i/hdmi_full_gen_1_0/inst/hdmi_full_gen_1_v1_0_S00_AXI_inst/slv_reg14[15]_i_1_n_0                                                                      | spectrum_feb10_xadc_hdmi_i/hdmi_full_gen_1_0/inst/axi_awready_i_1_n_0                                                                                                 |                1 |              8 |
|  spectrum_feb10_xadc_hdmi_i/processing_system7_0/inst/FCLK_CLK0 | spectrum_feb10_xadc_hdmi_i/hdmi_full_gen_1_0/inst/hdmi_full_gen_1_v1_0_S00_AXI_inst/slv_reg2[7]_i_1_n_0                                                                        | spectrum_feb10_xadc_hdmi_i/hdmi_full_gen_1_0/inst/axi_awready_i_1_n_0                                                                                                 |                2 |              8 |
|  spectrum_feb10_xadc_hdmi_i/processing_system7_0/inst/FCLK_CLK0 | spectrum_feb10_xadc_hdmi_i/hdmi_full_gen_1_0/inst/hdmi_full_gen_1_v1_0_S00_AXI_inst/slv_reg11[7]_i_1_n_0                                                                       | spectrum_feb10_xadc_hdmi_i/hdmi_full_gen_1_0/inst/axi_awready_i_1_n_0                                                                                                 |                2 |              8 |
|  spectrum_feb10_xadc_hdmi_i/processing_system7_0/inst/FCLK_CLK0 | spectrum_feb10_xadc_hdmi_i/hdmi_full_gen_1_0/inst/hdmi_full_gen_1_v1_0_S00_AXI_inst/slv_reg1[23]_i_1_n_0                                                                       | spectrum_feb10_xadc_hdmi_i/hdmi_full_gen_1_0/inst/axi_awready_i_1_n_0                                                                                                 |                5 |              8 |
|  spectrum_feb10_xadc_hdmi_i/processing_system7_0/inst/FCLK_CLK0 | spectrum_feb10_xadc_hdmi_i/hdmi_full_gen_1_0/inst/hdmi_full_gen_1_v1_0_S00_AXI_inst/slv_reg6[23]_i_1_n_0                                                                       | spectrum_feb10_xadc_hdmi_i/hdmi_full_gen_1_0/inst/axi_awready_i_1_n_0                                                                                                 |                2 |              8 |
|  spectrum_feb10_xadc_hdmi_i/processing_system7_0/inst/FCLK_CLK0 | spectrum_feb10_xadc_hdmi_i/hdmi_full_gen_1_0/inst/hdmi_full_gen_1_v1_0_S00_AXI_inst/slv_reg7[23]_i_1_n_0                                                                       | spectrum_feb10_xadc_hdmi_i/hdmi_full_gen_1_0/inst/axi_awready_i_1_n_0                                                                                                 |                4 |              8 |
|  spectrum_feb10_xadc_hdmi_i/processing_system7_0/inst/FCLK_CLK0 | spectrum_feb10_xadc_hdmi_i/hdmi_full_gen_1_0/inst/hdmi_full_gen_1_v1_0_S00_AXI_inst/slv_reg14[31]_i_1_n_0                                                                      | spectrum_feb10_xadc_hdmi_i/hdmi_full_gen_1_0/inst/axi_awready_i_1_n_0                                                                                                 |                2 |              8 |
|  spectrum_feb10_xadc_hdmi_i/processing_system7_0/inst/FCLK_CLK0 | spectrum_feb10_xadc_hdmi_i/hdmi_full_gen_1_0/inst/hdmi_full_gen_1_v1_0_S00_AXI_inst/slv_reg8[15]_i_1_n_0                                                                       | spectrum_feb10_xadc_hdmi_i/hdmi_full_gen_1_0/inst/axi_awready_i_1_n_0                                                                                                 |                5 |              8 |
|  spectrum_feb10_xadc_hdmi_i/processing_system7_0/inst/FCLK_CLK0 | spectrum_feb10_xadc_hdmi_i/hdmi_full_gen_1_0/inst/hdmi_full_gen_1_v1_0_S00_AXI_inst/slv_reg3[23]_i_1_n_0                                                                       | spectrum_feb10_xadc_hdmi_i/hdmi_full_gen_1_0/inst/axi_awready_i_1_n_0                                                                                                 |                2 |              8 |
|  spectrum_feb10_xadc_hdmi_i/processing_system7_0/inst/FCLK_CLK0 | spectrum_feb10_xadc_hdmi_i/hdmi_full_gen_1_0/inst/hdmi_full_gen_1_v1_0_S00_AXI_inst/slv_reg15[23]_i_1_n_0                                                                      | spectrum_feb10_xadc_hdmi_i/hdmi_full_gen_1_0/inst/axi_awready_i_1_n_0                                                                                                 |                2 |              8 |
|  spectrum_feb10_xadc_hdmi_i/processing_system7_0/inst/FCLK_CLK0 | spectrum_feb10_xadc_hdmi_i/hdmi_full_gen_1_0/inst/hdmi_full_gen_1_v1_0_S00_AXI_inst/slv_reg5[15]_i_1_n_0                                                                       | spectrum_feb10_xadc_hdmi_i/hdmi_full_gen_1_0/inst/axi_awready_i_1_n_0                                                                                                 |                2 |              8 |
|  spectrum_feb10_xadc_hdmi_i/processing_system7_0/inst/FCLK_CLK0 | spectrum_feb10_xadc_hdmi_i/hdmi_full_gen_1_0/inst/hdmi_full_gen_1_v1_0_S00_AXI_inst/slv_reg8[31]_i_1_n_0                                                                       | spectrum_feb10_xadc_hdmi_i/hdmi_full_gen_1_0/inst/axi_awready_i_1_n_0                                                                                                 |                3 |              8 |
|  spectrum_feb10_xadc_hdmi_i/processing_system7_0/inst/FCLK_CLK0 | spectrum_feb10_xadc_hdmi_i/hdmi_full_gen_1_0/inst/hdmi_full_gen_1_v1_0_S00_AXI_inst/slv_reg9[15]_i_1_n_0                                                                       | spectrum_feb10_xadc_hdmi_i/hdmi_full_gen_1_0/inst/axi_awready_i_1_n_0                                                                                                 |                1 |              8 |
|  spectrum_feb10_xadc_hdmi_i/processing_system7_0/inst/FCLK_CLK0 | spectrum_feb10_xadc_hdmi_i/hdmi_full_gen_1_0/inst/hdmi_full_gen_1_v1_0_S00_AXI_inst/slv_reg7[15]_i_1_n_0                                                                       | spectrum_feb10_xadc_hdmi_i/hdmi_full_gen_1_0/inst/axi_awready_i_1_n_0                                                                                                 |                4 |              8 |
|  spectrum_feb10_xadc_hdmi_i/processing_system7_0/inst/FCLK_CLK0 | spectrum_feb10_xadc_hdmi_i/hdmi_full_gen_1_0/inst/hdmi_full_gen_1_v1_0_S00_AXI_inst/slv_reg9[23]_i_1_n_0                                                                       | spectrum_feb10_xadc_hdmi_i/hdmi_full_gen_1_0/inst/axi_awready_i_1_n_0                                                                                                 |                2 |              8 |
|  spectrum_feb10_xadc_hdmi_i/processing_system7_0/inst/FCLK_CLK0 | spectrum_feb10_xadc_hdmi_i/hdmi_full_gen_1_0/inst/hdmi_full_gen_1_v1_0_S00_AXI_inst/slv_reg1[15]_i_1_n_0                                                                       | spectrum_feb10_xadc_hdmi_i/hdmi_full_gen_1_0/inst/axi_awready_i_1_n_0                                                                                                 |                1 |              8 |
|  spectrum_feb10_xadc_hdmi_i/processing_system7_0/inst/FCLK_CLK0 | spectrum_feb10_xadc_hdmi_i/hdmi_full_gen_1_0/inst/hdmi_full_gen_1_v1_0_S00_AXI_inst/slv_reg9[31]_i_1_n_0                                                                       | spectrum_feb10_xadc_hdmi_i/hdmi_full_gen_1_0/inst/axi_awready_i_1_n_0                                                                                                 |                4 |              8 |
|  spectrum_feb10_xadc_hdmi_i/processing_system7_0/inst/FCLK_CLK0 | spectrum_feb10_xadc_hdmi_i/hdmi_full_gen_1_0/inst/hdmi_full_gen_1_v1_0_S00_AXI_inst/slv_reg9[7]_i_1_n_0                                                                        | spectrum_feb10_xadc_hdmi_i/hdmi_full_gen_1_0/inst/axi_awready_i_1_n_0                                                                                                 |                2 |              8 |
|  spectrum_feb10_xadc_hdmi_i/processing_system7_0/inst/FCLK_CLK0 | spectrum_feb10_xadc_hdmi_i/hdmi_full_gen_1_0/inst/hdmi_full_gen_1_v1_0_S00_AXI_inst/slv_reg4[15]_i_1_n_0                                                                       | spectrum_feb10_xadc_hdmi_i/hdmi_full_gen_1_0/inst/axi_awready_i_1_n_0                                                                                                 |                3 |              8 |
|  spectrum_feb10_xadc_hdmi_i/processing_system7_0/inst/FCLK_CLK0 |                                                                                                                                                                                | spectrum_feb10_xadc_hdmi_i/ps7_0_axi_periph/s00_couplers/auto_pc/inst/gen_axilite.gen_b2s_conv.axilite_b2s/areset_d1                                                  |                4 |             10 |
|  spectrum_feb10_xadc_hdmi_i/clk_wiz_0/inst/clk_out1             |                                                                                                                                                                                | spectrum_feb10_xadc_hdmi_i/rgb2dvi_0/U0/DataEncoders[0].DataEncoder/pDataOutRaw[9]_i_1__1_n_0                                                                         |                3 |             10 |
|  spectrum_feb10_xadc_hdmi_i/processing_system7_0/inst/FCLK_CLK0 | spectrum_feb10_xadc_hdmi_i/hdmi_full_gen_1_0/inst/slv_reg_wren                                                                                                                 | spectrum_feb10_xadc_hdmi_i/hdmi_full_gen_1_0/inst/hdmi_full_gen_1_v1_0_S00_AXI_inst/clear                                                                             |                3 |             10 |
|  spectrum_feb10_xadc_hdmi_i/processing_system7_0/inst/FCLK_CLK0 |                                                                                                                                                                                | spectrum_feb10_xadc_hdmi_i/ps7_0_axi_periph/xbar/inst/gen_sasd.crossbar_sasd_0/addr_arbiter_inst/SR[0]                                                                |                3 |             11 |
|  spectrum_feb10_xadc_hdmi_i/clk_wiz_0/inst/clk_out1             |                                                                                                                                                                                | reset_in_switch_IBUF                                                                                                                                                  |                6 |             12 |
|  spectrum_feb10_xadc_hdmi_i/processing_system7_0/inst/FCLK_CLK0 | spectrum_feb10_xadc_hdmi_i/hdmi_full_gen_1_0/inst/hdmi_full_gen_1_v1_0_S00_AXI_inst/screen_data_reg_320_383_0_2_i_1_n_0                                                        |                                                                                                                                                                       |                3 |             12 |
|  spectrum_feb10_xadc_hdmi_i/processing_system7_0/inst/FCLK_CLK0 | spectrum_feb10_xadc_hdmi_i/ps7_0_axi_periph/s00_couplers/auto_pc/inst/gen_axilite.gen_b2s_conv.axilite_b2s/WR.aw_channel_0/aw_cmd_fsm_0/E[0]                                   |                                                                                                                                                                       |                6 |             12 |
|  spectrum_feb10_xadc_hdmi_i/processing_system7_0/inst/FCLK_CLK0 | spectrum_feb10_xadc_hdmi_i/hdmi_full_gen_1_0/inst/hdmi_full_gen_1_v1_0_S00_AXI_inst/screen_data_reg_256_319_0_2_i_1_n_0                                                        |                                                                                                                                                                       |                3 |             12 |
|  spectrum_feb10_xadc_hdmi_i/processing_system7_0/inst/FCLK_CLK0 | spectrum_feb10_xadc_hdmi_i/hdmi_full_gen_1_0/inst/hdmi_full_gen_1_v1_0_S00_AXI_inst/screen_data_reg_128_191_0_2_i_1_n_0                                                        |                                                                                                                                                                       |                3 |             12 |
|  spectrum_feb10_xadc_hdmi_i/processing_system7_0/inst/FCLK_CLK0 | spectrum_feb10_xadc_hdmi_i/hdmi_full_gen_1_0/inst/hdmi_full_gen_1_v1_0_S00_AXI_inst/screen_data_reg_640_703_0_2_i_1_n_0                                                        |                                                                                                                                                                       |                3 |             12 |
|  spectrum_feb10_xadc_hdmi_i/processing_system7_0/inst/FCLK_CLK0 | spectrum_feb10_xadc_hdmi_i/hdmi_full_gen_1_0/inst/hdmi_full_gen_1_v1_0_S00_AXI_inst/screen_data_reg_512_575_0_2_i_1_n_0                                                        |                                                                                                                                                                       |                3 |             12 |
|  spectrum_feb10_xadc_hdmi_i/processing_system7_0/inst/FCLK_CLK0 | spectrum_feb10_xadc_hdmi_i/hdmi_full_gen_1_0/inst/hdmi_full_gen_1_v1_0_S00_AXI_inst/screen_data_reg_0_63_0_2_i_1_n_0                                                           |                                                                                                                                                                       |                3 |             12 |
|  spectrum_feb10_xadc_hdmi_i/processing_system7_0/inst/FCLK_CLK0 | spectrum_feb10_xadc_hdmi_i/hdmi_full_gen_1_0/inst/hdmi_full_gen_1_v1_0_S00_AXI_inst/screen_data_reg_192_255_0_2_i_1_n_0                                                        |                                                                                                                                                                       |                3 |             12 |
|  spectrum_feb10_xadc_hdmi_i/processing_system7_0/inst/FCLK_CLK0 | spectrum_feb10_xadc_hdmi_i/hdmi_full_gen_1_0/inst/hdmi_full_gen_1_v1_0_S00_AXI_inst/screen_data_reg_384_447_0_2_i_1_n_0                                                        |                                                                                                                                                                       |                3 |             12 |
|  spectrum_feb10_xadc_hdmi_i/processing_system7_0/inst/FCLK_CLK0 | spectrum_feb10_xadc_hdmi_i/ps7_0_axi_periph/s00_couplers/auto_pc/inst/gen_axilite.gen_b2s_conv.axilite_b2s/RD.ar_channel_0/ar_cmd_fsm_0/E[0]                                   |                                                                                                                                                                       |                4 |             12 |
|  spectrum_feb10_xadc_hdmi_i/processing_system7_0/inst/FCLK_CLK0 | spectrum_feb10_xadc_hdmi_i/ps7_0_axi_periph/s00_couplers/auto_pc/inst/gen_axilite.gen_b2s_conv.axilite_b2s/RD.ar_channel_0/ar_cmd_fsm_0/sel_first_reg[0]                       |                                                                                                                                                                       |                2 |             12 |
|  spectrum_feb10_xadc_hdmi_i/processing_system7_0/inst/FCLK_CLK0 | spectrum_feb10_xadc_hdmi_i/hdmi_full_gen_1_0/inst/hdmi_full_gen_1_v1_0_S00_AXI_inst/screen_data_reg_64_127_0_2_i_1_n_0                                                         |                                                                                                                                                                       |                3 |             12 |
|  spectrum_feb10_xadc_hdmi_i/processing_system7_0/inst/FCLK_CLK0 | spectrum_feb10_xadc_hdmi_i/ps7_0_axi_periph/s00_couplers/auto_pc/inst/gen_axilite.gen_b2s_conv.axilite_b2s/WR.aw_channel_0/cmd_translator_0/incr_cmd_0/axaddr_incr[11]_i_1_n_0 |                                                                                                                                                                       |                2 |             12 |
|  spectrum_feb10_xadc_hdmi_i/processing_system7_0/inst/FCLK_CLK0 | spectrum_feb10_xadc_hdmi_i/hdmi_full_gen_1_0/inst/hdmi_full_gen_1_v1_0_S00_AXI_inst/screen_data_reg_704_767_0_2_i_1_n_0                                                        |                                                                                                                                                                       |                3 |             12 |
|  spectrum_feb10_xadc_hdmi_i/processing_system7_0/inst/FCLK_CLK0 | spectrum_feb10_xadc_hdmi_i/hdmi_full_gen_1_0/inst/hdmi_full_gen_1_v1_0_S00_AXI_inst/screen_data_reg_576_639_0_2_i_1_n_0                                                        |                                                                                                                                                                       |                3 |             12 |
|  spectrum_feb10_xadc_hdmi_i/processing_system7_0/inst/FCLK_CLK0 | spectrum_feb10_xadc_hdmi_i/hdmi_full_gen_1_0/inst/hdmi_full_gen_1_v1_0_S00_AXI_inst/screen_data_reg_448_511_0_2_i_1_n_0                                                        |                                                                                                                                                                       |                3 |             12 |
|  spectrum_feb10_xadc_hdmi_i/processing_system7_0/inst/FCLK_CLK0 | spectrum_feb10_xadc_hdmi_i/ps7_0_axi_periph/s00_couplers/auto_pc/inst/gen_axilite.gen_b2s_conv.axilite_b2s/RD.r_channel_0/r_push_r                                             |                                                                                                                                                                       |                4 |             13 |
|  spectrum_feb10_xadc_hdmi_i/processing_system7_0/inst/FCLK_CLK0 | spectrum_feb10_xadc_hdmi_i/ps7_0_axi_periph/s00_couplers/auto_pc/inst/gen_axilite.gen_b2s_conv.axilite_b2s/SI_REG/b.b_pipe/p_1_in                                              |                                                                                                                                                                       |                3 |             14 |
|  spectrum_feb10_xadc_hdmi_i/processing_system7_0/inst/FCLK_CLK0 | spectrum_feb10_xadc_hdmi_i/ps7_0_axi_periph/s00_couplers/auto_pc/inst/gen_axilite.gen_b2s_conv.axilite_b2s/SI_REG/b.b_pipe/s_ready_i_reg_0                                     |                                                                                                                                                                       |                4 |             14 |
|  spectrum_feb10_xadc_hdmi_i/processing_system7_0/inst/FCLK_CLK0 |                                                                                                                                                                                | spectrum_feb10_xadc_hdmi_i/xadc_wiz_0/inst/AXI_XADC_CORE_I/do_reg[15]_i_1_n_0                                                                                         |                5 |             16 |
|  spectrum_feb10_xadc_hdmi_i/processing_system7_0/inst/FCLK_CLK0 | spectrum_feb10_xadc_hdmi_i/ps7_0_axi_periph/s00_couplers/auto_pc/inst/gen_axilite.gen_b2s_conv.axilite_b2s/WR.aw_channel_0/aw_cmd_fsm_0/b_push                                 |                                                                                                                                                                       |                3 |             16 |
|  spectrum_feb10_xadc_hdmi_i/processing_system7_0/inst/FCLK_CLK0 | spectrum_feb10_xadc_hdmi_i/xadc_wiz_0/inst/AXI_LITE_IPIF_I/I_SLAVE_ATTACHMENT/I_DECODER/E[0]                                                                                   | spectrum_feb10_xadc_hdmi_i/xadc_wiz_0/inst/AXI_LITE_IPIF_I/I_SLAVE_ATTACHMENT/reset2ip_reset                                                                          |               11 |             17 |
|  spectrum_feb10_xadc_hdmi_i/processing_system7_0/inst/FCLK_CLK0 | spectrum_feb10_xadc_hdmi_i/xadc_wiz_0/inst/AXI_LITE_IPIF_I/I_SLAVE_ATTACHMENT/s_axi_rresp_i                                                                                    | spectrum_feb10_xadc_hdmi_i/xadc_wiz_0/inst/AXI_LITE_IPIF_I/I_SLAVE_ATTACHMENT/SR[0]                                                                                   |                6 |             20 |
|  spectrum_feb10_xadc_hdmi_i/processing_system7_0/inst/FCLK_CLK0 | spectrum_feb10_xadc_hdmi_i/ps7_0_axi_periph/s00_couplers/auto_pc/inst/gen_axilite.gen_b2s_conv.axilite_b2s/RD.ar_channel_0/ar_cmd_fsm_0/m_valid_i_reg                          |                                                                                                                                                                       |               10 |             21 |
|  spectrum_feb10_xadc_hdmi_i/processing_system7_0/inst/FCLK_CLK0 | spectrum_feb10_xadc_hdmi_i/ps7_0_axi_periph/xbar/inst/gen_sasd.crossbar_sasd_0/addr_arbiter_inst/p_0_in1_in                                                                    | spectrum_feb10_xadc_hdmi_i/ps7_0_axi_periph/xbar/inst/gen_sasd.crossbar_sasd_0/addr_arbiter_inst/SR[0]                                                                |               10 |             24 |
|  spectrum_feb10_xadc_hdmi_i/processing_system7_0/inst/FCLK_CLK0 | spectrum_feb10_xadc_hdmi_i/xadc_wiz_0/inst/AXI_LITE_IPIF_I/I_SLAVE_ATTACHMENT/I_DECODER/start                                                                                  | spectrum_feb10_xadc_hdmi_i/xadc_wiz_0/inst/AXI_LITE_IPIF_I/I_SLAVE_ATTACHMENT/I_DECODER/cs_ce_clr                                                                     |               10 |             25 |
|  spectrum_feb10_xadc_hdmi_i/processing_system7_0/inst/FCLK_CLK0 | spectrum_feb10_xadc_hdmi_i/ps7_0_axi_periph/s00_couplers/auto_pc/inst/gen_axilite.gen_b2s_conv.axilite_b2s/WR.aw_channel_0/aw_cmd_fsm_0/m_axi_awready_1                        |                                                                                                                                                                       |               10 |             25 |
|  spectrum_feb10_xadc_hdmi_i/processing_system7_0/inst/FCLK_CLK0 |                                                                                                                                                                                | spectrum_feb10_xadc_hdmi_i/xadc_wiz_0/inst/AXI_LITE_IPIF_I/I_SLAVE_ATTACHMENT/SR[0]                                                                                   |                7 |             26 |
|  spectrum_feb10_xadc_hdmi_i/clk_wiz_0/inst/clk_out1             |                                                                                                                                                                                | spectrum_feb10_xadc_hdmi_i/rgb2dvi_0/U0/DataEncoders[0].DataEncoder/SR[0]                                                                                             |               16 |             32 |
|  spectrum_feb10_xadc_hdmi_i/processing_system7_0/inst/FCLK_CLK0 | spectrum_feb10_xadc_hdmi_i/hdmi_full_gen_1_0/inst/hdmi_full_gen_1_v1_0_S00_AXI_inst/slv_reg_rden__0                                                                            | spectrum_feb10_xadc_hdmi_i/hdmi_full_gen_1_0/inst/axi_awready_i_1_n_0                                                                                                 |               32 |             32 |
|  spectrum_feb10_xadc_hdmi_i/processing_system7_0/inst/FCLK_CLK0 | spectrum_feb10_xadc_hdmi_i/ps7_0_axi_periph/s00_couplers/auto_pc/inst/gen_axilite.gen_b2s_conv.axilite_b2s/RD.r_channel_0/rd_data_fifo_0/wr_en0                                |                                                                                                                                                                       |               10 |             34 |
|  spectrum_feb10_xadc_hdmi_i/processing_system7_0/inst/FCLK_CLK0 | spectrum_feb10_xadc_hdmi_i/ps7_0_axi_periph/xbar/inst/gen_sasd.crossbar_sasd_0/addr_arbiter_inst/E[0]                                                                          |                                                                                                                                                                       |               11 |             35 |
|  spectrum_feb10_xadc_hdmi_i/processing_system7_0/inst/FCLK_CLK0 | spectrum_feb10_xadc_hdmi_i/ps7_0_axi_periph/s00_couplers/auto_pc/inst/gen_axilite.gen_b2s_conv.axilite_b2s/SI_REG/r.r_pipe/p_1_in                                              |                                                                                                                                                                       |                8 |             47 |
|  spectrum_feb10_xadc_hdmi_i/processing_system7_0/inst/FCLK_CLK0 | spectrum_feb10_xadc_hdmi_i/ps7_0_axi_periph/s00_couplers/auto_pc/inst/gen_axilite.gen_b2s_conv.axilite_b2s/SI_REG/r.r_pipe/s_ready_i_reg_0                                     |                                                                                                                                                                       |                7 |             47 |
|  spectrum_feb10_xadc_hdmi_i/processing_system7_0/inst/FCLK_CLK0 | spectrum_feb10_xadc_hdmi_i/ps7_0_axi_periph/s00_couplers/auto_pc/inst/gen_axilite.gen_b2s_conv.axilite_b2s/SI_REG/ar.ar_pipe/s_ready_i_reg_0                                   |                                                                                                                                                                       |               12 |             48 |
|  spectrum_feb10_xadc_hdmi_i/processing_system7_0/inst/FCLK_CLK0 | spectrum_feb10_xadc_hdmi_i/ps7_0_axi_periph/s00_couplers/auto_pc/inst/gen_axilite.gen_b2s_conv.axilite_b2s/RD.ar_channel_0/ar_cmd_fsm_0/FSM_sequential_state_reg[1]_0[0]       |                                                                                                                                                                       |               13 |             48 |
|  spectrum_feb10_xadc_hdmi_i/processing_system7_0/inst/FCLK_CLK0 | spectrum_feb10_xadc_hdmi_i/ps7_0_axi_periph/s00_couplers/auto_pc/inst/gen_axilite.gen_b2s_conv.axilite_b2s/WR.aw_channel_0/aw_cmd_fsm_0/m_valid_i_reg[0]                       |                                                                                                                                                                       |               10 |             48 |
|  spectrum_feb10_xadc_hdmi_i/processing_system7_0/inst/FCLK_CLK0 | spectrum_feb10_xadc_hdmi_i/ps7_0_axi_periph/s00_couplers/auto_pc/inst/gen_axilite.gen_b2s_conv.axilite_b2s/SI_REG/aw.aw_pipe/s_ready_i_reg_0                                   |                                                                                                                                                                       |               13 |             48 |
|  spectrum_feb10_xadc_hdmi_i/clk_wiz_0/inst/clk_out1             |                                                                                                                                                                                |                                                                                                                                                                       |               33 |            100 |
|  spectrum_feb10_xadc_hdmi_i/processing_system7_0/inst/FCLK_CLK0 |                                                                                                                                                                                | spectrum_feb10_xadc_hdmi_i/xadc_wiz_0/inst/AXI_LITE_IPIF_I/I_SLAVE_ATTACHMENT/reset2ip_reset                                                                          |               29 |            115 |
|  spectrum_feb10_xadc_hdmi_i/processing_system7_0/inst/FCLK_CLK0 |                                                                                                                                                                                |                                                                                                                                                                       |               62 |            166 |
+-----------------------------------------------------------------+--------------------------------------------------------------------------------------------------------------------------------------------------------------------------------+-----------------------------------------------------------------------------------------------------------------------------------------------------------------------+------------------+----------------+


