Copyright 1986-2018 Xilinx, Inc. All Rights Reserved.
---------------------------------------------------------------------------------------------------------------------------------------------------------------------------------------
| Tool Version : Vivado v.2018.3 (win64) Build 2405991 Thu Dec  6 23:38:27 MST 2018
| Date         : Mon Feb 11 18:23:27 2019
| Host         : DESKTOP-JALEM6D running 64-bit major release  (build 9200)
| Command      : report_drc -file spectrum_feb10_xadc_hdmi_wrapper_drc_opted.rpt -pb spectrum_feb10_xadc_hdmi_wrapper_drc_opted.pb -rpx spectrum_feb10_xadc_hdmi_wrapper_drc_opted.rpx
| Design       : spectrum_feb10_xadc_hdmi_wrapper
| Device       : xc7z010clg400-1
| Speed File   : -1
| Design State : Synthesized
---------------------------------------------------------------------------------------------------------------------------------------------------------------------------------------

Report DRC

Table of Contents
-----------------
1. REPORT SUMMARY
2. REPORT DETAILS

1. REPORT SUMMARY
-----------------
            Netlist: netlist
          Floorplan: design_1
      Design limits: <entire design considered>
           Ruledeck: default
             Max violations: <unlimited>
             Violations found: 0
+------+----------+-------------+------------+
| Rule | Severity | Description | Violations |
+------+----------+-------------+------------+
+------+----------+-------------+------------+

2. REPORT DETAILS
-----------------

